[    0.000000] Linux version 4.15.0-64-generic (buildd@lgw01-amd64-038) (gcc version 7.4.0 (Ubuntu 7.4.0-1ubuntu1~18.04.1)) #73-Ubuntu SMP Thu Sep 12 13:16:13 UTC 2019 (Ubuntu 4.15.0-64.73-generic 4.15.18)
[    0.000000] Command line: BOOT_IMAGE=/boot/vmlinuz-4.15.0-64-generic root=LABEL=cloudimg-rootfs ro console=tty1 console=ttyS0
[    0.000000] KERNEL supported cpus:
[    0.000000]   Intel GenuineIntel
[    0.000000]   AMD AuthenticAMD
[    0.000000]   Centaur CentaurHauls
[    0.000000] x86/fpu: Supporting XSAVE feature 0x001: 'x87 floating point registers'
[    0.000000] x86/fpu: Supporting XSAVE feature 0x002: 'SSE registers'
[    0.000000] x86/fpu: Supporting XSAVE feature 0x004: 'AVX registers'
[    0.000000] x86/fpu: xstate_offset[2]:  576, xstate_sizes[2]:  256
[    0.000000] x86/fpu: Enabled xstate features 0x7, context size is 832 bytes, using 'standard' format.
[    0.000000] e820: BIOS-provided physical RAM map:
[    0.000000] BIOS-e820: [mem 0x0000000000000000-0x000000000009fbff] usable
[    0.000000] BIOS-e820: [mem 0x000000000009fc00-0x000000000009ffff] reserved
[    0.000000] BIOS-e820: [mem 0x00000000000f0000-0x00000000000fffff] reserved
[    0.000000] BIOS-e820: [mem 0x0000000000100000-0x000000003ffeffff] usable
[    0.000000] BIOS-e820: [mem 0x000000003fff0000-0x000000003fffffff] ACPI data
[    0.000000] BIOS-e820: [mem 0x00000000fec00000-0x00000000fec00fff] reserved
[    0.000000] BIOS-e820: [mem 0x00000000fee00000-0x00000000fee00fff] reserved
[    0.000000] BIOS-e820: [mem 0x00000000fffc0000-0x00000000ffffffff] reserved
[    0.000000] NX (Execute Disable) protection: active
[    0.000000] SMBIOS 2.5 present.
[    0.000000] DMI: innotek GmbH VirtualBox/VirtualBox, BIOS VirtualBox 12/01/2006
[    0.000000] Hypervisor detected: KVM
[    0.000000] e820: last_pfn = 0x3fff0 max_arch_pfn = 0x400000000
[    0.000000] MTRR: Disabled
[    0.000000] x86/PAT: MTRRs disabled, skipping PAT initialization too.
[    0.000000] CPU MTRRs all blank - virtualized system.
[    0.000000] x86/PAT: Configuration [0-7]: WB  WT  UC- UC  WB  WT  UC- UC  
[    0.000000] found SMP MP-table at [mem 0x0009fff0-0x0009ffff]
[    0.000000] Scanning 1 areas for low memory corruption
[    0.000000] RAMDISK: [mem 0x35a8b000-0x36d3cfff]
[    0.000000] ACPI: Early table checksum verification disabled
[    0.000000] ACPI: RSDP 0x00000000000E0000 000024 (v02 VBOX  )
[    0.000000] ACPI: XSDT 0x000000003FFF0030 00003C (v01 VBOX   VBOXXSDT 00000001 ASL  00000061)
[    0.000000] ACPI: FACP 0x000000003FFF00F0 0000F4 (v04 VBOX   VBOXFACP 00000001 ASL  00000061)
[    0.000000] ACPI: DSDT 0x000000003FFF0470 0022EA (v02 VBOX   VBOXBIOS 00000002 INTL 20100528)
[    0.000000] ACPI: FACS 0x000000003FFF0200 000040
[    0.000000] ACPI: FACS 0x000000003FFF0200 000040
[    0.000000] ACPI: APIC 0x000000003FFF0240 00005C (v02 VBOX   VBOXAPIC 00000001 ASL  00000061)
[    0.000000] ACPI: SSDT 0x000000003FFF02A0 0001CC (v01 VBOX   VBOXCPUT 00000002 INTL 20100528)
[    0.000000] No NUMA configuration found
[    0.000000] Faking a node at [mem 0x0000000000000000-0x000000003ffeffff]
[    0.000000] NODE_DATA(0) allocated [mem 0x3ffc5000-0x3ffeffff]
[    0.000000] kvm-clock: cpu 0, msr 0:3ff44001, primary cpu clock
[    0.000000] kvm-clock: Using msrs 4b564d01 and 4b564d00
[    0.000000] kvm-clock: using sched offset of 4210397342 cycles
[    0.000000] clocksource: kvm-clock: mask: 0xffffffffffffffff max_cycles: 0x1cd42e4dffb, max_idle_ns: 881590591483 ns
[    0.000000] Zone ranges:
[    0.000000]   DMA      [mem 0x0000000000001000-0x0000000000ffffff]
[    0.000000]   DMA32    [mem 0x0000000001000000-0x000000003ffeffff]
[    0.000000]   Normal   empty
[    0.000000]   Device   empty
[    0.000000] Movable zone start for each node
[    0.000000] Early memory node ranges
[    0.000000]   node   0: [mem 0x0000000000001000-0x000000000009efff]
[    0.000000]   node   0: [mem 0x0000000000100000-0x000000003ffeffff]
[    0.000000] Reserved but unavailable: 98 pages
[    0.000000] Initmem setup node 0 [mem 0x0000000000001000-0x000000003ffeffff]
[    0.000000] ACPI: PM-Timer IO Port: 0x4008
[    0.000000] IOAPIC[0]: apic_id 2, version 32, address 0xfec00000, GSI 0-23
[    0.000000] ACPI: INT_SRC_OVR (bus 0 bus_irq 0 global_irq 2 dfl dfl)
[    0.000000] ACPI: INT_SRC_OVR (bus 0 bus_irq 9 global_irq 9 low level)
[    0.000000] Using ACPI (MADT) for SMP configuration information
[    0.000000] smpboot: Allowing 2 CPUs, 0 hotplug CPUs
[    0.000000] PM: Registered nosave memory: [mem 0x00000000-0x00000fff]
[    0.000000] PM: Registered nosave memory: [mem 0x0009f000-0x0009ffff]
[    0.000000] PM: Registered nosave memory: [mem 0x000a0000-0x000effff]
[    0.000000] PM: Registered nosave memory: [mem 0x000f0000-0x000fffff]
[    0.000000] e820: [mem 0x40000000-0xfebfffff] available for PCI devices
[    0.000000] Booting paravirtualized kernel on KVM
[    0.000000] clocksource: refined-jiffies: mask: 0xffffffff max_cycles: 0xffffffff, max_idle_ns: 7645519600211568 ns
[    0.000000] random: get_random_bytes called from start_kernel+0x99/0x4fd with crng_init=0
[    0.000000] setup_percpu: NR_CPUS:8192 nr_cpumask_bits:2 nr_cpu_ids:2 nr_node_ids:1
[    0.000000] percpu: Embedded 46 pages/cpu s151552 r8192 d28672 u1048576
[    0.000000] PV qspinlock hash table entries: 256 (order: 0, 4096 bytes)
[    0.000000] Built 1 zonelists, mobility grouping on.  Total pages: 257913
[    0.000000] Policy zone: DMA32
[    0.000000] Kernel command line: BOOT_IMAGE=/boot/vmlinuz-4.15.0-64-generic root=LABEL=cloudimg-rootfs ro console=tty1 console=ttyS0
[    0.000000] Memory: 983440K/1048120K available (12300K kernel code, 2481K rwdata, 4172K rodata, 2436K init, 2384K bss, 64680K reserved, 0K cma-reserved)
[    0.000000] SLUB: HWalign=64, Order=0-3, MinObjects=0, CPUs=2, Nodes=1
[    0.000000] Kernel/User page tables isolation: enabled
[    0.000000] ftrace: allocating 39306 entries in 154 pages
[    0.004000] Hierarchical RCU implementation.
[    0.004000] 	RCU restricting CPUs from NR_CPUS=8192 to nr_cpu_ids=2.
[    0.004000] 	Tasks RCU enabled.
[    0.004000] RCU: Adjusting geometry for rcu_fanout_leaf=16, nr_cpu_ids=2
[    0.004000] NR_IRQS: 524544, nr_irqs: 440, preallocated irqs: 16
[    0.004000] Console: colour VGA+ 80x25
[    0.004000] console [tty1] enabled
[    0.004000] console [ttyS0] enabled
[    0.004000] ACPI: Core revision 20170831
[    0.004000] ACPI: 2 ACPI AML tables successfully acquired and loaded
[    0.004000] APIC: Switch to symmetric I/O mode setup
[    0.004000] x2apic enabled
[    0.004000] Switched APIC routing to physical x2apic.
[    0.004000] ..TIMER: vector=0x30 apic1=0 pin1=2 apic2=-1 pin2=-1
[    0.004004] tsc: Detected 2294.688 MHz processor
[    0.005120] Calibrating delay loop (skipped) preset value.. 4589.37 BogoMIPS (lpj=9178752)
[    0.008002] pid_max: default: 32768 minimum: 301
[    0.009057] Security Framework initialized
[    0.009964] Yama: becoming mindful.
[    0.011424] AppArmor: AppArmor initialized
[    0.013504] Dentry cache hash table entries: 131072 (order: 8, 1048576 bytes)
[    0.015124] Inode-cache hash table entries: 65536 (order: 7, 524288 bytes)
[    0.016022] Mount-cache hash table entries: 2048 (order: 2, 16384 bytes)
[    0.017716] Mountpoint-cache hash table entries: 2048 (order: 2, 16384 bytes)
[    0.020227] Last level iTLB entries: 4KB 1024, 2MB 1024, 4MB 1024
[    0.021530] Last level dTLB entries: 4KB 1024, 2MB 1024, 4MB 1024, 1GB 4
[    0.024012] Spectre V1 : Mitigation: usercopy/swapgs barriers and __user pointer sanitization
[    0.025863] Spectre V2 : Mitigation: Full generic retpoline
[    0.027044] Spectre V2 : Spectre v2 / SpectreRSB mitigation: Filling RSB on context switch
[    0.028001] Speculative Store Bypass: Vulnerable
[    0.029288] MDS: Mitigation: Clear CPU buffers
[    0.030422] Freeing SMP alternatives memory: 36K
[    0.036000] smpboot: CPU0: Intel(R) Core(TM) i7-4850HQ CPU @ 2.30GHz (family: 0x6, model: 0x46, stepping: 0x1)
[    0.036000] Performance Events: unsupported p6 CPU model 70 no PMU driver, software events only.
[    0.036044] Hierarchical SRCU implementation.
[    0.037876] NMI watchdog: Perf event create on CPU 0 failed with -2
[    0.040002] NMI watchdog: Perf NMI watchdog permanently disabled
[    0.041467] smp: Bringing up secondary CPUs ...
[    0.042572] x86: Booting SMP configuration:
[    0.044002] .... node  #0, CPUs:      #1
[    0.004000] kvm-clock: cpu 1, msr 0:3ff44041, secondary cpu clock
[    0.048023] smp: Brought up 1 node, 2 CPUs
[    0.048944] smpboot: Max logical packages: 1
[    0.049902] smpboot: Total of 2 processors activated (9178.75 BogoMIPS)
[    0.052153] devtmpfs: initialized
[    0.052892] x86/mm: Memory block size: 128MB
[    0.054003] evm: security.selinux
[    0.054810] evm: security.SMACK64
[    0.056007] evm: security.SMACK64EXEC
[    0.056956] evm: security.SMACK64TRANSMUTE
[    0.057925] evm: security.SMACK64MMAP
[    0.058780] evm: security.apparmor
[    0.060005] evm: security.ima
[    0.060777] evm: security.capability
[    0.061702] clocksource: jiffies: mask: 0xffffffff max_cycles: 0xffffffff, max_idle_ns: 7645041785100000 ns
[    0.064015] futex hash table entries: 512 (order: 3, 32768 bytes)
[    0.067326] pinctrl core: initialized pinctrl subsystem
[    0.068118] RTC time: 19:09:37, date: 09/29/19
[    0.069381] NET: Registered protocol family 16
[    0.070551] audit: initializing netlink subsys (disabled)
[    0.073355] audit: type=2000 audit(1569784183.265:1): state=initialized audit_enabled=0 res=1
[    0.076015] cpuidle: using governor ladder
[    0.077121] cpuidle: using governor menu
[    0.078183] ACPI: bus type PCI registered
[    0.080004] acpiphp: ACPI Hot Plug PCI Controller Driver version: 0.5
[    0.081921] PCI: Using configuration type 1 for base access
[    0.084764] HugeTLB registered 2.00 MiB page size, pre-allocated 0 pages
[    0.085737] ACPI: Added _OSI(Module Device)
[    0.088036] ACPI: Added _OSI(Processor Device)
[    0.089263] ACPI: Added _OSI(3.0 _SCP Extensions)
[    0.090555] ACPI: Added _OSI(Processor Aggregator Device)
[    0.092012] ACPI: Added _OSI(Linux-Dell-Video)
[    0.093131] ACPI: Added _OSI(Linux-Lenovo-NV-HDMI-Audio)
[    0.094600] ACPI: Added _OSI(Linux-HPI-Hybrid-Graphics)
[    0.096492] ACPI: Executed 1 blocks of module-level executable AML code
[    0.101413] ACPI: Interpreter enabled
[    0.102324] ACPI: (supports S0 S5)
[    0.103612] ACPI: Using IOAPIC for interrupt routing
[    0.104244] PCI: Using host bridge windows from ACPI; if necessary, use "pci=nocrs" and report a bug
[    0.106607] ACPI: Enabled 2 GPEs in block 00 to 07
[    0.115450] ACPI: PCI Root Bridge [PCI0] (domain 0000 [bus 00-ff])
[    0.116012] acpi PNP0A03:00: _OSC: OS supports [ASPM ClockPM Segments MSI]
[    0.118220] acpi PNP0A03:00: _OSC: not requesting OS control; OS requires [ExtendedConfig ASPM ClockPM MSI]
[    0.120016] acpi PNP0A03:00: fail to add MMCONFIG information, can't access extended PCI configuration space under this bridge.
[    0.124514] PCI host bridge to bus 0000:00
[    0.125541] pci_bus 0000:00: root bus resource [io  0x0000-0x0cf7 window]
[    0.127281] pci_bus 0000:00: root bus resource [io  0x0d00-0xffff window]
[    0.128007] pci_bus 0000:00: root bus resource [mem 0x000a0000-0x000bffff window]
[    0.129998] pci_bus 0000:00: root bus resource [mem 0x40000000-0xfdffffff window]
[    0.132005] pci_bus 0000:00: root bus resource [bus 00-ff]
[    0.138938] pci 0000:00:01.1: legacy IDE quirk: reg 0x10: [io  0x01f0-0x01f7]
[    0.140005] pci 0000:00:01.1: legacy IDE quirk: reg 0x14: [io  0x03f6]
[    0.141676] pci 0000:00:01.1: legacy IDE quirk: reg 0x18: [io  0x0170-0x0177]
[    0.143508] pci 0000:00:01.1: legacy IDE quirk: reg 0x1c: [io  0x0376]
[    0.162606] pci 0000:00:07.0: quirk: [io  0x4000-0x403f] claimed by PIIX4 ACPI
[    0.164021] pci 0000:00:07.0: quirk: [io  0x4100-0x410f] claimed by PIIX4 SMB
[    0.172387] ACPI: PCI Interrupt Link [LNKA] (IRQs 5 9 10 *11)
[    0.174332] ACPI: PCI Interrupt Link [LNKB] (IRQs 5 9 *10 11)
[    0.175713] ACPI: PCI Interrupt Link [LNKC] (IRQs 5 *9 10 11)
[    0.176169] ACPI: PCI Interrupt Link [LNKD] (IRQs 5 9 10 *11)
[    0.177820] SCSI subsystem initialized
[    0.178732] pci 0000:00:02.0: vgaarb: setting as boot VGA device
[    0.178732] pci 0000:00:02.0: vgaarb: VGA device added: decodes=io+mem,owns=io+mem,locks=none
[    0.180010] pci 0000:00:02.0: vgaarb: bridge control possible
[    0.184002] vgaarb: loaded
[    0.184672] ACPI: bus type USB registered
[    0.185623] usbcore: registered new interface driver usbfs
[    0.186894] usbcore: registered new interface driver hub
[    0.188017] usbcore: registered new device driver usb
[    0.189239] EDAC MC: Ver: 3.0.0
[    0.189239] PCI: Using ACPI for IRQ routing
[    0.192276] NetLabel: Initializing
[    0.193119] NetLabel:  domain hash size = 128
[    0.194142] NetLabel:  protocols = UNLABELED CIPSOv4 CALIPSO
[    0.195399] NetLabel:  unlabeled traffic allowed by default
[    0.196132] clocksource: Switched to clocksource kvm-clock
[    0.209557] VFS: Disk quotas dquot_6.6.0
[    0.210548] VFS: Dquot-cache hash table entries: 512 (order 0, 4096 bytes)
[    0.212278] AppArmor: AppArmor Filesystem Enabled
[    0.213332] pnp: PnP ACPI init
[    0.215458] pnp: PnP ACPI: found 3 devices
[    0.226294] clocksource: acpi_pm: mask: 0xffffff max_cycles: 0xffffff, max_idle_ns: 2085701024 ns
[    0.228344] NET: Registered protocol family 2
[    0.231131] TCP established hash table entries: 8192 (order: 4, 65536 bytes)
[    0.232985] TCP bind hash table entries: 8192 (order: 5, 131072 bytes)
[    0.234524] TCP: Hash tables configured (established 8192 bind 8192)
[    0.236108] UDP hash table entries: 512 (order: 2, 16384 bytes)
[    0.237502] UDP-Lite hash table entries: 512 (order: 2, 16384 bytes)
[    0.238910] NET: Registered protocol family 1
[    0.239962] pci 0000:00:00.0: Limiting direct PCI/PCI transfers
[    0.241372] pci 0000:00:01.0: Activating ISA DMA hang workarounds
[    0.242783] pci 0000:00:02.0: Video device with shadowed ROM at [mem 0x000c0000-0x000dffff]
[    0.244736] Unpacking initramfs...
[    0.495572] Freeing initrd memory: 19144K
[    0.496678] clocksource: tsc: mask: 0xffffffffffffffff max_cycles: 0x21139aef754, max_idle_ns: 440795211890 ns
[    0.499163] platform rtc_cmos: registered platform RTC device (no PNP device found)
[    0.501214] Scanning for low memory corruption every 60 seconds
[    0.503861] Initialise system trusted keyrings
[    0.505145] Key type blacklist registered
[    0.506298] workingset: timestamp_bits=36 max_order=18 bucket_order=0
[    0.508540] zbud: loaded
[    0.509602] squashfs: version 4.0 (2009/01/31) Phillip Lougher
[    0.511326] fuse init (API version 7.26)
[    0.516930] Key type asymmetric registered
[    0.518098] Asymmetric key parser 'x509' registered
[    0.519430] Block layer SCSI generic (bsg) driver version 0.4 loaded (major 246)
[    0.521199] io scheduler noop registered
[    0.522295] io scheduler deadline registered
[    0.523416] io scheduler cfq registered (default)
[    0.525024] ACPI: AC Adapter [AC] (on-line)
[    0.526039] input: Power Button as /devices/LNXSYSTM:00/LNXPWRBN:00/input/input0
[    0.528195] ACPI: Power Button [PWRF]
[    0.529140] input: Sleep Button as /devices/LNXSYSTM:00/LNXSLPBN:00/input/input1
[    0.530783] ACPI: Sleep Button [SLPF]
[    0.533291] ACPI: Battery Slot [BAT0] (battery present)
[    0.534720] Serial: 8250/16550 driver, 32 ports, IRQ sharing enabled
[    0.556894] 00:02: ttyS0 at I/O 0x3f8 (irq = 4, base_baud = 115200) is a 16550A
[    0.562493] Linux agpgart interface v0.103
[    0.565031] loop: module loaded
[    0.566422] scsi host0: ata_piix
[    0.567391] scsi host1: ata_piix
[    0.568174] ata1: PATA max UDMA/33 cmd 0x1f0 ctl 0x3f6 bmdma 0xd000 irq 14
[    0.569781] ata2: PATA max UDMA/33 cmd 0x170 ctl 0x376 bmdma 0xd008 irq 15
[    0.571456] libphy: Fixed MDIO Bus: probed
[    0.572725] tun: Universal TUN/TAP device driver, 1.6
[    0.574121] PPP generic driver version 2.4.2
[    0.575325] ehci_hcd: USB 2.0 'Enhanced' Host Controller (EHCI) Driver
[    0.576869] ehci-pci: EHCI PCI platform driver
[    0.577876] ehci-platform: EHCI generic platform driver
[    0.579003] ohci_hcd: USB 1.1 'Open' Host Controller (OHCI) Driver
[    0.580384] ohci-pci: OHCI PCI platform driver
[    0.581495] ohci-platform: OHCI generic platform driver
[    0.583099] uhci_hcd: USB Universal Host Controller Interface driver
[    0.584663] i8042: PNP: PS/2 Controller [PNP0303:PS2K,PNP0f03:PS2M] at 0x60,0x64 irq 1,12
[    0.586892] serio: i8042 KBD port at 0x60,0x64 irq 1
[    0.588114] serio: i8042 AUX port at 0x60,0x64 irq 12
[    0.589648] mousedev: PS/2 mouse device common for all mice
[    0.591614] input: AT Translated Set 2 keyboard as /devices/platform/i8042/serio0/input/input2
[    0.593746] rtc_cmos rtc_cmos: rtc core: registered rtc_cmos as rtc0
[    0.595186] rtc_cmos rtc_cmos: alarms up to one day, 114 bytes nvram
[    0.596687] i2c /dev entries driver
[    0.597569] device-mapper: uevent: version 1.0.3
[    0.598709] device-mapper: ioctl: 4.37.0-ioctl (2017-09-20) initialised: dm-devel@redhat.com
[    0.600793] ledtrig-cpu: registered to indicate activity on CPUs
[    0.603227] NET: Registered protocol family 10
[    0.608489] Segment Routing with IPv6
[    0.609358] NET: Registered protocol family 17
[    0.610495] Key type dns_resolver registered
[    0.611873] mce: Using 0 MCE banks
[    0.612763] RAS: Correctable Errors collector initialized.
[    0.613969] sched_clock: Marking stable (612732426, 0)->(889382895, -276650469)
[    0.616532] registered taskstats version 1
[    0.617533] Loading compiled-in X.509 certificates
[    0.621387] Loaded X.509 cert 'Build time autogenerated kernel key: 9ff85db0b1f72c0c954e4d2eaca5a9366845820b'
[    0.623725] zswap: loaded using pool lzo/zbud
[    0.629443] Key type big_key registered
[    0.653389] Key type trusted registered
[    0.656292] Key type encrypted registered
[    0.657215] AppArmor: AppArmor sha1 policy hashing enabled
[    0.658401] ima: No TPM chip found, activating TPM-bypass! (rc=-19)
[    0.659858] ima: Allocated hash algorithm: sha1
[    0.661036] evm: HMAC attrs: 0x1
[    0.662151]   Magic number: 3:830:193
[    0.663217] rtc_cmos rtc_cmos: setting system clock to 2019-09-29 19:09:38 UTC (1569784178)
[    0.665440] BIOS EDD facility v0.16 2004-Jun-25, 0 devices found
[    0.666912] EDD information not available.
[    0.734639] Freeing unused kernel image memory: 2436K
[    0.756387] Write protecting the kernel read-only data: 20480k
[    0.758901] Freeing unused kernel image memory: 2008K
[    0.760814] Freeing unused kernel image memory: 1972K
[    0.767779] x86/mm: Checked W+X mappings: passed, no W+X pages found.
[    0.769242] x86/mm: Checking user space page tables
[    0.775551] x86/mm: Checked W+X mappings: passed, no W+X pages found.
Loading, please wait...
starting version 237
[    0.833457] Fusion MPT base driver 3.04.20
[    0.834645] Copyright (c) 1999-2008 LSI Corporation
[    0.838980] e1000: Intel(R) PRO/1000 Network Driver - version 7.3.21-k8-NAPI
[    0.840814] e1000: Copyright (c) 1999-2006 Intel Corporation.
[    0.844947] Fusion MPT SPI Host driver 3.04.20
[    0.847045] mptbase: ioc0: Initiating bringup
[    0.861981] AVX2 version of gcm_enc/dec engaged.
[    0.863331] AES CTR mode by8 optimization enabled
[    0.957568] ioc0: LSI53C1030 A0: Capabilities={Initiator}
[    1.065349] input: ImExPS/2 Generic Explorer Mouse as /devices/platform/i8042/serio1/input/input4
[    1.834693] scsi host2: ioc0: LSI53C1030 A0, FwRev=00000000h, Ports=1, MaxQ=256, IRQ=20
[    2.077724] scsi 2:0:0:0: Direct-Access     VBOX     HARDDISK         1.0  PQ: 0 ANSI: 5
[    2.108048] scsi target2:0:0: Beginning Domain Validation
[    2.112370] scsi target2:0:0: Domain Validation skipping write tests
[    2.113893] scsi target2:0:0: Ending Domain Validation
[    2.115144] scsi target2:0:0: asynchronous
[    2.117272] scsi 2:0:1:0: Direct-Access     VBOX     HARDDISK         1.0  PQ: 0 ANSI: 5
[    2.448762] scsi target2:0:1: Beginning Domain Validation
[    2.454449] random: fast init done
[    2.455890] scsi target2:0:1: Domain Validation skipping write tests
[    2.457686] scsi target2:0:1: Ending Domain Validation
[    2.459117] scsi target2:0:1: asynchronous
[    2.465015] random: systemd-udevd: uninitialized urandom read (16 bytes read)
[    2.466610] random: systemd-udevd: uninitialized urandom read (16 bytes read)
[    2.468170] random: systemd-udevd: uninitialized urandom read (16 bytes read)
[    2.470028] sd 2:0:0:0: Attached scsi generic sg0 type 0
[    2.471883] sd 2:0:1:0: Attached scsi generic sg1 type 0
[    2.473189] sd 2:0:0:0: [sda] 20971520 512-byte logical blocks: (10.7 GB/10.0 GiB)
[    2.475203] sd 2:0:0:0: [sda] Write Protect is off
[    2.476547] sd 2:0:1:0: [sdb] 20480 512-byte logical blocks: (10.5 MB/10.0 MiB)
[    2.478347] sd 2:0:0:0: [sda] Incomplete mode parameter data
[    2.479667] sd 2:0:0:0: [sda] Assuming drive cache: write through
[    2.481105] sd 2:0:1:0: [sdb] Write Protect is off
[    2.482953] sd 2:0:1:0: [sdb] Incomplete mode parameter data
[    2.484623] sd 2:0:1:0: [sdb] Assuming drive cache: write through
[    2.490050]  sda: sda1
[    2.491479] e1000 0000:00:03.0 eth0: (PCI:33MHz:32-bit) 02:ab:ce:93:e0:e3
[    2.493378] e1000 0000:00:03.0 eth0: Intel(R) PRO/1000 Network Connection
[    2.495941] e1000 0000:00:03.0 enp0s3: renamed from eth0
[    2.496123] sd 2:0:0:0: [sda] Attached SCSI disk
[    2.497863] sd 2:0:1:0: [sdb] Attached SCSI disk
Begin: Loading essential drivers ... [    3.928260] raid6: sse2x1   gen() 11494 MB/s
[    3.976296] raid6: sse2x1   xor()  8156 MB/s
[    4.024384] raid6: sse2x2   gen() 13618 MB/s
[    4.072259] raid6: sse2x2   xor()  8839 MB/s
[    4.120017] raid6: sse2x4   gen() 15867 MB/s
[    4.168279] raid6: sse2x4   xor()  9923 MB/s
[    4.216380] raid6: avx2x1   gen() 22699 MB/s
[    4.264271] raid6: avx2x1   xor() 15024 MB/s
[    4.312305] raid6: avx2x2   gen() 25839 MB/s
[    4.360256] raid6: avx2x2   xor() 15956 MB/s
[    4.408217] raid6: avx2x4   gen() 29272 MB/s
[    4.456218] raid6: avx2x4   xor() 18198 MB/s
[    4.457412] raid6: using algorithm avx2x4 gen() 29272 MB/s
[    4.458697] raid6: .... xor() 18198 MB/s, rmw enabled
[    4.460054] raid6: using avx2x2 recovery algorithm
[    4.462362] xor: automatically using best checksumming function   avx       
[    4.464720] async_tx: api initialized (async)
done.
Begin: Running /scripts/init-premount ... done.
Begin: Mounting root file system ... Begin: Running /scripts/local-top ... done.
Begin: Running /scripts/local-premount ... [    4.507101] Btrfs loaded, crc32c=crc32c-intel
Scanning for Btrfs filesystems
done.
Warning: fsck not present, so skipping root file system
[    4.540246] EXT4-fs (sda1): mounted filesystem with ordered data mode. Opts: (null)
done.
Begin: Running /scripts/local-bottom ... done.
Begin: Running /scripts/init-bottom ... done.
[    4.741096] ip_tables: (C) 2000-2006 Netfilter Core Team
[    4.751330] systemd[1]: systemd 237 running in system mode. (+PAM +AUDIT +SELINUX +IMA +APPARMOR +SMACK +SYSVINIT +UTMP +LIBCRYPTSETUP +GCRYPT +GNUTLS +ACL +XZ +LZ4 +SECCOMP +BLKID +ELFUTILS +KMOD -IDN2 +IDN -PCRE2 default-hierarchy=hybrid)
[    4.756010] systemd[1]: Detected virtualization oracle.
[    4.757230] systemd[1]: Detected architecture x86-64.

Welcome to [1mUbuntu 18.04.3 LTS[0m!

[    4.777654] systemd[1]: Set hostname to <ubuntu>.
[    4.784332] systemd[1]: Initializing machine ID from random generator.
[    4.786106] systemd[1]: Installed transient /etc/machine-id file.
[    5.050860] systemd[1]: Reached target Swap.
[[0;32m  OK  [0m] Reached target Swap.
[    5.055513] systemd[1]: Created slice System Slice.
[[0;32m  OK  [0m] Created slice System Slice.
[    5.057676] systemd[1]: Listening on Journal Socket.
[[0;32m  OK  [0m] Listening on Journal Socket.
[    5.060734] systemd[1]: Starting Create list of required static device nodes for the current kernel...
         Starting Create list of required st…ce nodes for the current kernel...
         Starting Set the console keyboard layout...
[[0;32m  OK  [0m] Listening on /dev/initctl Compatibility Named Pipe.
[[0;32m  OK  [0m] Listening on udev Kernel Socket.
[[0;32m  OK  [0m] Listening on LVM2 metadata daemon socket.
[[0;32m  OK  [0m] Listening on Syslog Socket.
         Mounting Huge Pages File System...
         Starting Uncomplicated firewall...
[[0;32m  OK  [0m] Reached target System Time Synchronized.
         Starting Load Kernel Modules...
[[0;32m  OK  [0m] Listening on Network Service Netlink Socket.
[[0;32m  OK  [0m] Started Forward Password Requests to Wall Directory Watch.
         Mounting POSIX Message Queue File System...
[[0;32m  OK  [0m] Created slice system-serial\x2dgetty.slice.
[[0;32m  OK  [0m] Set up automount Arbitrary Executab…rmats File System Automount Point.
[    5.111249] Loading iSCSI transport class v2.0-870.
[    5.118298] iscsi: registered transport (tcp)
[[0;32m  OK  [0m] Listening on udev Control Socket.
         Starting udev Coldplug all Devices...
[[0;32m  OK  [0m] Reached target User and Group Name Lookups.
[[0;32m  OK  [0m] Created slice User and Session Slice.
[    5.154155] iscsi: registered transport (iser)
[[0;32m  OK  [0m] Reached target Slices.
[[0;32m  OK  [0m] Listening on Journal Audit Socket.
[[0;32m  OK  [0m] Listening on LVM2 poll daemon socket.
         Mounting Kernel Debug File System...
         Starting Remount Root and Kernel File Systems...
[[0;32m  OK  [0m] Listening on Device-mapper event daemon FIFOs.
         Starting Monitoring of LVM2 mirrors…ng dmeventd or progress polling...
[[0;32m  OK  [0m] Listening on Journal Socket (/dev/log).
         Starting Journal Service...
[[0;32m  OK  [0m] Started Create list of required sta…vice nodes for the current kernel.
[[0;32m  OK  [0m] Mounted Huge Pages File System.
[[0;32m  OK  [0m] Started Uncomplicated firewall.
[[0;32m  OK  [0m] Started Load Kernel Modules.
[[0;32m  OK  [0m] Mounted POSIX Message Queue File System.
[[0;32m  OK  [0m] Mounted Kernel Debug File System.
         Starting Apply Kernel Variables...
         Mounting Kernel Configuration File System...
         Mounting FUSE Control File System...
         Starting Create Static Device Nodes in /dev...
[[0;32m  OK  [0m] Mounted Kernel Configuration File System.
[[0;32m  OK  [0m] Mounted FUSE Control File System.
[[0;32m  OK  [0m] Started LVM2 metadata daemon.
[[0;32m  OK  [0m] Started udev Coldplug all Devices.
[[0;32m  OK  [0m] Started Remount Root and Kernel File Systems.
         Starting Load/Save Random Seed...
[[0;32m  OK  [0m] Started Journal Service.
[[0;32m  OK  [0m] Started Monitoring of LVM2 mirrors,…sing dmeventd or progress polling.
[[0;32m  OK  [0m] Started Apply Kernel Variables.
[[0;32m  OK  [0m] Started Create Static Device Nodes in /dev.
[[0;32m  OK  [0m] Started Load/Save Random Seed.
         Starting udev Kernel Device Manager...
         Starting Flush Journal to Persistent Storage...
[[0;32m  OK  [0m] Started udev Kernel Device Manager.
[[0;32m  OK  [0m] Started Flush Journal to Persistent Storage.
[[0;32m  OK  [0m] Found device /dev/ttyS0.
[[0;32m  OK  [0m] Listening on Load/Save RF Kill Switch Status /dev/rfkill Watch.
[[0;32m  OK  [0m] Started Set the console keyboard layout.
[[0;32m  OK  [0m] Started Dispatch Password Requests to Console Directory Watch.
[[0;32m  OK  [0m] Reached target Local Encrypted Volumes.
[[0;32m  OK  [0m] Reached target Local File Systems (Pre).
[[0;32m  OK  [0m] Reached target Local File Systems.
         Starting Tell Plymouth To Write Out Runtime Data...
         Starting Commit a transient machine-id on disk...
         Starting ebtables ruleset management...
         Starting Create Volatile Files and Directories...
         Starting Set console font and keymap...
         Starting AppArmor initialization...
[[0;32m  OK  [0m] Started Tell Plymouth To Write Out Runtime Data.
[[0;32m  OK  [0m] Started Set console font and keymap.
[[0;32m  OK  [0m] Started Create Volatile Files and Directories.
         Starting Update UTMP about System Boot/Shutdown...
[[0;32m  OK  [0m] Started Update UTMP about System Boot/Shutdown.
[[0;32m  OK  [0m] Started ebtables ruleset management.
[[0;32m  OK  [0m] Started Commit a transient machine-id on disk.
[[0;32m  OK  [0m] Started AppArmor initialization.
         Starting Initial cloud-init job (pre-networking)...
[    8.061529] cloud-init[645]: Cloud-init v. 19.2-24-ge7881d5c-0ubuntu1~18.04.1 running 'init-local' at Sun, 29 Sep 2019 19:09:45 +0000. Up 7.72 seconds.
[[0;32m  OK  [0m] Started Initial cloud-init job (pre-networking).
[[0;32m  OK  [0m] Reached target Network (Pre).
         Starting Network Service...
[[0;32m  OK  [0m] Started Network Service.
         Starting Wait for Network to be Configured...
         Starting Network Name Resolution...
[[0;32m  OK  [0m] Started Network Name Resolution.
[[0;32m  OK  [0m] Reached target Host and Network Name Lookups.
[[0;32m  OK  [0m] Reached target Network.
[[0;32m  OK  [0m] Started Wait for Network to be Configured.
         Starting Initial cloud-init job (metadata service crawler)...
[   10.101329] cloud-init[758]: Cloud-init v. 19.2-24-ge7881d5c-0ubuntu1~18.04.1 running 'init' at Sun, 29 Sep 2019 19:09:47 +0000. Up 9.97 seconds.
[   10.104849] cloud-init[758]: ci-info: ++++++++++++++++++++++++++++++++++++++Net device info++++++++++++++++++++++++++++++++++++++
[   10.106968] cloud-init[758]: ci-info: +--------+------+----------------------------+---------------+--------+-------------------+
[   10.109486] cloud-init[758]: ci-info: | Device |  Up  |          Address           |      Mask     | Scope  |     Hw-Address    |
[   10.111919] cloud-init[758]: ci-info: +--------+------+----------------------------+---------------+--------+-------------------+
[   10.114635] cloud-init[758]: ci-info: | enp0s3 | True |         10.0.2.15          | 255.255.255.0 | global | 02:ab:ce:93:e0:e3 |
[   10.116900] cloud-init[758]: ci-info: | enp0s3 | True | fe80::ab:ceff:fe93:e0e3/64 |       .       |  link  | 02:ab:ce:93:e0:e3 |
[   10.119105] cloud-init[758]: ci-info: |   lo   | True |         127.0.0.1          |   255.0.0.0   |  host  |         .         |
[   10.121770] cloud-init[758]: ci-info: |   lo   | True |          ::1/128           |       .       |  host  |         .         |
[   10.124750] cloud-init[758]: ci-info: +--------+------+----------------------------+---------------+--------+-------------------+
[   10.127915] cloud-init[758]: ci-info: ++++++++++++++++++++++++++++Route IPv4 info+++++++++++++++++++++++++++++
[   10.130248] cloud-init[758]: ci-info: +-------+-------------+----------+-----------------+-----------+-------+
[   10.132313] cloud-init[758]: ci-info: | Route | Destination | Gateway  |     Genmask     | Interface | Flags |
[   10.134669] cloud-init[758]: ci-info: +-------+-------------+----------+-----------------+-----------+-------+
[   10.136979] cloud-init[758]: ci-info: |   0   |   0.0.0.0   | 10.0.2.2 |     0.0.0.0     |   enp0s3  |   UG  |
[   10.139295] cloud-init[758]: ci-info: |   1   |   10.0.2.0  | 0.0.0.0  |  255.255.255.0  |   enp0s3  |   U   |
[   10.141804] cloud-init[758]: ci-info: |   2   |   10.0.2.2  | 0.0.0.0  | 255.255.255.255 |   enp0s3  |   UH  |
[   10.144185] cloud-init[758]: ci-info: +-------+-------------+----------+-----------------+-----------+-------+
[   10.146295] cloud-init[758]: ci-info: +++++++++++++++++++Route IPv6 info+++++++++++++++++++
[   10.148383] cloud-init[758]: ci-info: +-------+-------------+---------+-----------+-------+
[   10.150245] cloud-init[758]: ci-info: | Route | Destination | Gateway | Interface | Flags |
[   10.152339] cloud-init[758]: ci-info: +-------+-------------+---------+-----------+-------+
[   10.154486] cloud-init[758]: ci-info: |   1   |  fe80::/64  |    ::   |   enp0s3  |   U   |
[   10.156887] cloud-init[758]: ci-info: |   3   |    local    |    ::   |   enp0s3  |   U   |
[   10.158844] cloud-init[758]: ci-info: |   4   |   ff00::/8  |    ::   |   enp0s3  |   U   |
[   10.160830] cloud-init[758]: ci-info: +-------+-------------+---------+-----------+-------+
[   10.767304] cloud-init[758]: Generating public/private rsa key pair.
[   10.784383] cloud-init[758]: Your identification has been saved in /etc/ssh/ssh_host_rsa_key.
[   10.785726] cloud-init[758]: Your public key has been saved in /etc/ssh/ssh_host_rsa_key.pub.
[   10.787354] cloud-init[758]: The key fingerprint is:
[   10.787962] cloud-init[758]: SHA256:MNMjMAnq8JKlk62LL65AHVrc3lDoSxrncHxPMRt3WYA root@ubuntu-bionic
[   10.789790] cloud-init[758]: The key's randomart image is:
[   10.790970] cloud-init[758]: +---[RSA 2048]----+
[   10.792535] cloud-init[758]: |  ..o...    ..+. |
[   10.793557] cloud-init[758]: | .. o+.. + E o   |
[   10.794617] cloud-init[758]: |o .+oo= o * .    |
[   10.795634] cloud-init[758]: |oB+oo*o* +       |
[   10.796730] cloud-init[758]: |*+o.O.o.S        |
[   10.797750] cloud-init[758]: |.+ . o   .       |
[   10.798766] cloud-init[758]: |o                |
[   10.799786] cloud-init[758]: |+.               |
[   10.800823] cloud-init[758]: |*+.              |
[   10.801842] cloud-init[758]: +----[SHA256]-----+
[   10.802866] cloud-init[758]: Generating public/private dsa key pair.
[   10.804241] cloud-init[758]: Your identification has been saved in /etc/ssh/ssh_host_dsa_key.
[   10.805938] cloud-init[758]: Your public key has been saved in /etc/ssh/ssh_host_dsa_key.pub.[[0;32m  OK  [0m] Started Initial cloud-init job (metadata service crawler).
[[0;32m  OK  [0m] Reached target Network is Online.

         Starting Availability of block devices...
[[0;32m  OK  [0m] Reached target Remote File Systems (Pre).
[[0;32m  OK  [0m] Reached target Remote File Systems.
[[0;32m  OK  [0m] Reached target Cloud-config availability.
[[0;32m  OK  [0m] Reached target System Initialization.
[[0;32m  OK  [0m] Listening on UUID daemon activation socket.
         Starting LXD - unix socket.
[[0;32m  OK  [0m] Listening on D-Bus System Message Bus Socket.
[[0;32m  OK  [0m] Listening on Open-iSCSI iscsid Socket.
[[0;32m  OK  [0m] Listening on ACPID Listen Socket.
[[0;32m  OK  [0m] Started Discard unused blocks once a week.
[[0;32m  OK  [0m] Started Daily apt download activities.
         Starting Socket activation for snappy daemon.
[[0;32m  OK  [0m] Started Daily apt upgrade and clean activities.
[[0;32m  OK  [0m] Started Message of the Day.
[[0;32m  OK  [0m] Started Daily Cleanup of Temporary Directories.
[[0;32m  OK  [0m] Reached target Timers.
[   10.811943] cloud-init[[0;32m  OK  [0m] Started ACPI Events Check.
[[0;32m  OK  [0m] Reached target Paths.[758]: 
The key fingerprint is:
[   10.837541] cloud-init[758]: SHA256:BxJaHd6EAEUSMqF9JOOCjs1GjRz5X6CVrh6g6TqWbpQ root@ubuntu-bionic[[0;32m  OK  [0m] Started Availability of block devices.
[[0;32m  OK  [0m
[   10.840725] cloud-init[758]: The key's randomart image is:
[   10.842063] cloud-init[758]: +---[DSA 1024]----+] Listening on LXD - unix socket.
[[0;32m  OK  [0m] Listening on Socket activation for snappy daemon.
[[0;32m  OK  [0m] Reached target Sockets.
[[0;32m  OK  [0m] Reached target Basic System.

         Starting LSB: automatic crash report generation...
[   10.851773]          Starting Virtualbox guest utils...
         Starting Accounts Service...
cloud-init[758]: |  Bo==*+.o.      |
[   10.855868] cloud-init[758]: |.=.X ++ooo       |
[   10.857912] cloud-init[758]: |+ *.++..o .      |
[   10.858770] cloud-init[758]: |o=..o ....       |
[   10.859827]          Starting Dispatcher daemon for systemd-networkd...
[[0;32m  OK  [0m] Started Deferred execution scheduler.
         Starting Permit User Sessions...
         Starting Login Service...
         Starting LXD - container startup/shutdown...
         Starting LSB: Record successful boot for GRUB...
cloud-init[758]: |.+=. o .S .      |
[   10.876293] cloud-init[758]: |oE  o .  .       |
[   10.892220] cloud-init[758]: |o .. .           |
[   10.892843] cloud-init[758]: |.=  .            |
[[0;32m  OK  [0m] Started irqbalance daemon.
[   10.905394] cloud-init[[0;32m  OK  [0m] Started FUSE filesystem for LXC.
[758]: |*o               |
[   10.909093] cloud-init[758]: +----[SHA256]-----+
[   10.910025] cloud-init[758]: Generating public/private ecdsa key pair.
[   10.911723] cloud-init[758]: Your identification has been saved in /etc/ssh/ssh_host_ecdsa_key.
[   10.913425] cloud-init[758]: Your public key has been saved in /etc/ssh/ssh_host_ecdsa_key.pub.
[   10.915294] cloud-init[758]: The key fingerprint is:
[   10.916575] cloud-init[758]: SHA256:c/JKLQ00DrqrVFDOAF9YNXQUfv4qkefr2ofmAiryny8 root@ubuntu-bionic
[   10.920253] cloud-init[758]: The key's randomart image is:
[   10.923150] cloud-init[758]: +---[ECDSA 256]---+
[   10.924287] cloud-init[758]: |...o+o+.+.       |
[   10.926136] cloud-init[758]: | ..*   +         |
[   10.928100] cloud-init[758]: |  o o . + .      |
[   10.944528] cloud-init[758]: |   . . + +       |
[   10.945203] cloud-init[758]: |    o   S.o      |
[   10.945979] cloud-init[758]: |   . .. oO..     |
[   10.946931] cloud-init[758]: |  . .. .o++..    |
[   10.947512] cloud-init[758]: |... Eo .o++..    |
[   10.948155] cloud-init[758]: | oo++o. oB*o     |
[   10.950253] cloud-init[758]: +----[SHA256]-----+
[   10.960341] cloud-init[758]: Generating public/private ed25519 key pair.
[   10.972383] cloud-init[758]: Your identification has been saved in /etc/ssh/ssh_host_ed25519_key.
[   10.973644] cloud-init[758]: Your public key has been saved in /etc/ssh/ssh_host_ed25519_key.pub.
[[0;32m  OK  [0m] Started Regular background program processing daemon.
[   10.987189] cloud-init[758]: The key fingerprint is:
[   11.012438] cloud-init[758]: SHA256:cfxV2EDG9Hw8ACn/CYUQrlqd+WOgogAgQZOyucIWkRQ root@ubuntu-bionic
[   11.014369] cloud-init[758]: The key's randomart image is:
[   11.015794] cloud-init[758]: +--[ED25519 256]--+
[   11.017479] cloud-init[758]: |+E+      oo.+==+.|
[   11.018486] cloud-init[758]: |.=.     .o o o+=.|
[   11.020695] cloud-init[758]: |+o.     ..= . ..=|
[   11.024205] cloud-init[758]: |=.      ooo+ .  o|
[   11.025142] cloud-init[758]: |o..    oS=  + .  |
[   11.027902] cloud-init[758]: |+o    o . o  o   |
[   11.028872] cloud-init[758]: |o.   o .   +     |
[   11.029746] cloud-init[758]: |  . . .   . .    |
         Starting Snappy daemon...
[[0;32m  OK  [0m] Started D-Bus System Message Bus.
[   11.036623] cloud-init[758]: |   .             |
[   11.041960] cloud-init[758]: +----[SHA256]-----+
         Starting Pollinate to seed the pseudo random number generator...
         Starting System Logging Service...
[[0;32m  OK  [0m] Started Permit User Sessions.
[[0;32m  OK  [0m] Started Login Service.
[[0;32m  OK  [0m] Started Unattended Upgrades Shutdown.
         Starting Terminate Plymouth Boot Screen...
         Starting Hold until boot process finishes up...
[[0;32m  OK  [0m] Started Hold until boot process finishes up.
[[0;32m  OK  [0m] Started Dispatcher daemon for systemd-networkd.
[[0;32m  OK  [0m] Started Terminate Plymouth Boot Screen.
[[0;32m  OK  [0m] Started Serial Getty on ttyS0.
         Starting Set console scheme...
[[0;32m  OK  [0m] Started LXD - container startup/shutdown.
[[0;32m  OK  [0m] Started System Logging Service.
[[0;32m  OK  [0m] Started LSB: automatic crash report generation.
[[0;32m  OK  [0m] Started Set console scheme.
[[0;32m  OK  [0m] Created slice system-getty.slice.
[[0;32m  OK  [0m] Started Getty on tty1.
[[0;32m  OK  [0m] Reached target Login Prompts.
         Starting Authorization Manager...
[[0;32m  OK  [0m] Started Authorization Manager.
[[0;32m  OK  [0m] Started Accounts Service.
[[0;32m  OK  [0m] Started Virtualbox guest utils.
[[0;32m  OK  [0m] Started LSB: Record successful boot for GRUB.
[[0;32m  OK  [0m] Started Snappy daemon.
         Starting Wait until snapd is fully seeded...
[[0;32m  OK  [0m] Started Pollinate to seed the pseudo random number generator.
         Starting OpenBSD Secure Shell server...
[[0;32m  OK  [0m] Started OpenBSD Secure Shell server.
[[0;32m  OK  [0m] Created slice User Slice of vagrant.
         Starting User Manager for UID 1000...
[[0;32m  OK  [0m] Started Session 1 of user vagrant.
[[0;32m  OK  [0m] Started User Manager for UID 1000.
[[0;32m  OK  [0m] Started Wait until snapd is fully seeded.
         Starting Apply the settings specified in cloud-config...
[[0;32m  OK  [0m] Reached target Multi-User System.
[[0;32m  OK  [0m] Reached target Graphical Interface.
         Starting Update UTMP about System Runlevel Changes...
[[0;32m  OK  [0m] Started Update UTMP about System Runlevel Changes.
[   13.843190] cloud-init[1316]: Cloud-init v. 19.2-24-ge7881d5c-0ubuntu1~18.04.1 running 'modules:config' at Sun, 29 Sep 2019 19:09:51 +0000. Up 13.32 seconds.
[[0;32m  OK  [0m] Started Apply the settings specified in cloud-config.
         Starting Execute cloud user/final scripts...
ci-info: no authorized ssh keys fingerprints found for user ubuntu.
<14>Sep 29 19:09:52 ec2: 
<14>Sep 29 19:09:52 ec2: #############################################################
<14>Sep 29 19:09:52 ec2: -----BEGIN SSH HOST KEY FINGERPRINTS-----
<14>Sep 29 19:09:52 ec2: 1024 SHA256:BxJaHd6EAEUSMqF9JOOCjs1GjRz5X6CVrh6g6TqWbpQ root@ubuntu-bionic (DSA)
<14>Sep 29 19:09:52 ec2: 256 SHA256:c/JKLQ00DrqrVFDOAF9YNXQUfv4qkefr2ofmAiryny8 root@ubuntu-bionic (ECDSA)
<14>Sep 29 19:09:52 ec2: 256 SHA256:cfxV2EDG9Hw8ACn/CYUQrlqd+WOgogAgQZOyucIWkRQ root@ubuntu-bionic (ED25519)
<14>Sep 29 19:09:52 ec2: 2048 SHA256:MNMjMAnq8JKlk62LL65AHVrc3lDoSxrncHxPMRt3WYA root@ubuntu-bionic (RSA)
<14>Sep 29 19:09:52 ec2: -----END SSH HOST KEY FINGERPRINTS-----
<14>Sep 29 19:09:52 ec2: #############################################################
-----BEGIN SSH HOST KEY KEYS-----
ecdsa-sha2-nistp256 AAAAE2VjZHNhLXNoYTItbmlzdHAyNTYAAAAIbmlzdHAyNTYAAABBBCxgI0LxiSUvmg+aPqc+T71ZKds+wzHbssn7QWCwuBuUDefR9J/CAu3+WwKjDUNMG7F0GsZn8RpBDpX+q8Vc6QI= root@ubuntu-bionic
ssh-ed25519 AAAAC3NzaC1lZDI1NTE5AAAAIGVKg7k0J7okT6xRzG4VkQWO0MGBqbZOY3BvE50Drg7A root@ubuntu-bionic
ssh-rsa AAAAB3NzaC1yc2EAAAADAQABAAABAQC/Mj+lqG0K1IbZ6X6I3nT9V9ZXCNGpD5KjE65Ec1pmLHiMK1SxPVD9RdqEAmH6QUA9mS+wubmCyYYZiBzySKBgUmgE+16dqed8gMX5i2rL7e3IdB+7N8cUkb6x0gtHAwvx+TvmEHIyTeJJQOZgmZwsUuiHd0bqKR+VqEfs+u0tS4UPcVuCiMax5MAtSK4vC4oAJ+f6YQAIdweZoOylZWcXCw+KTDu/72e1m3UrNZoUj82L1A/2kJyOEykn5COQ0CLzpPgQVGjKQ7HTaz4qKlaoAWZ2C3ewb1AVQ480EycWstzqTF6o2cldBKdytdr3xOulMRUAlGceYssSdNphILW3 root@ubuntu-bionic
-----END SSH HOST KEY KEYS-----
[   14.432672] cloud-init[1420]: Cloud-init v. 19.2-24-ge7881d5c-0ubuntu1~18.04.1 running 'modules:final' at Sun, 29 Sep 2019 19:09:52 +0000. Up 14.26 seconds.
[   14.435579] cloud-init[1420]: ci-info: no authorized ssh keys fingerprints found for user ubuntu.
[   14.437335] cloud-init[1420]: Cloud-init v. 19.2-24-ge7881d5c-0ubuntu1~18.04.1 finished at Sun, 29 Sep 2019 19:09:52 +0000. Datasource DataSourceNoCloud [seed=/dev/sdb][dsmode=net].  Up 14.42 seconds
[[0;32m  OK  [0m] Started Execute cloud user/final scripts.
[[0;32m  OK  [0m] Reached target Cloud-init target.

Ubuntu 18.04.3 LTS ubuntu-bionic ttyS0

ubuntu-bionic login: 